Performing C SOURCE FILE Test CMAKE_HAVE_LIBC_PTHREAD failed with the following output:
Change Dir: /home/yzhou162/preceputal-smi/Cage-Based-Deformation-MVC/src/cmake/CMakeFiles/CMakeTmp

Run Build Command(s):/usr/bin/make cmTC_6874b/fast && /usr/bin/make -f CMakeFiles/cmTC_6874b.dir/build.make CMakeFiles/cmTC_6874b.dir/build
make[1]: Entering directory '/home/yzhou162/preceputal-smi/Cage-Based-Deformation-MVC/src/cmake/CMakeFiles/CMakeTmp'
Building C object CMakeFiles/cmTC_6874b.dir/src.c.o
/usr/bin/cc   -fPIC -DCMAKE_HAVE_LIBC_PTHREAD   -o CMakeFiles/cmTC_6874b.dir/src.c.o   -c /home/yzhou162/preceputal-smi/Cage-Based-Deformation-MVC/src/cmake/CMakeFiles/CMakeTmp/src.c
Linking C executable cmTC_6874b
/usr/local/bin/cmake -E cmake_link_script CMakeFiles/cmTC_6874b.dir/link.txt --verbose=1
/usr/bin/cc  -fPIC -DCMAKE_HAVE_LIBC_PTHREAD    CMakeFiles/cmTC_6874b.dir/src.c.o  -o cmTC_6874b 
CMakeFiles/cmTC_6874b.dir/src.c.o: In function `main':
src.c:(.text+0x3e): undefined reference to `pthread_create'
src.c:(.text+0x4a): undefined reference to `pthread_detach'
src.c:(.text+0x5b): undefined reference to `pthread_join'
src.c:(.text+0x6f): undefined reference to `pthread_atfork'
collect2: error: ld returned 1 exit status
CMakeFiles/cmTC_6874b.dir/build.make:86: recipe for target 'cmTC_6874b' failed
make[1]: *** [cmTC_6874b] Error 1
make[1]: Leaving directory '/home/yzhou162/preceputal-smi/Cage-Based-Deformation-MVC/src/cmake/CMakeFiles/CMakeTmp'
Makefile:121: recipe for target 'cmTC_6874b/fast' failed
make: *** [cmTC_6874b/fast] Error 2


Source file was:
#include <pthread.h>

void* test_func(void* data)
{
  return data;
}

int main(void)
{
  pthread_t thread;
  pthread_create(&thread, NULL, test_func, NULL);
  pthread_detach(thread);
  pthread_join(thread, NULL);
  pthread_atfork(NULL, NULL, NULL);
  pthread_exit(NULL);

  return 0;
}

Determining if the function pthread_create exists in the pthreads failed with the following output:
Change Dir: /home/yzhou162/preceputal-smi/Cage-Based-Deformation-MVC/src/cmake/CMakeFiles/CMakeTmp

Run Build Command(s):/usr/bin/make cmTC_222e3/fast && /usr/bin/make -f CMakeFiles/cmTC_222e3.dir/build.make CMakeFiles/cmTC_222e3.dir/build
make[1]: Entering directory '/home/yzhou162/preceputal-smi/Cage-Based-Deformation-MVC/src/cmake/CMakeFiles/CMakeTmp'
Building C object CMakeFiles/cmTC_222e3.dir/CheckFunctionExists.c.o
/usr/bin/cc   -fPIC -DCHECK_FUNCTION_EXISTS=pthread_create   -o CMakeFiles/cmTC_222e3.dir/CheckFunctionExists.c.o   -c /usr/local/share/cmake-3.16/Modules/CheckFunctionExists.c
Linking C executable cmTC_222e3
/usr/local/bin/cmake -E cmake_link_script CMakeFiles/cmTC_222e3.dir/link.txt --verbose=1
/usr/bin/cc  -fPIC -DCHECK_FUNCTION_EXISTS=pthread_create    CMakeFiles/cmTC_222e3.dir/CheckFunctionExists.c.o  -o cmTC_222e3  -lpthreads 
/usr/bin/ld: cannot find -lpthreads
collect2: error: ld returned 1 exit status
CMakeFiles/cmTC_222e3.dir/build.make:86: recipe for target 'cmTC_222e3' failed
make[1]: *** [cmTC_222e3] Error 1
make[1]: Leaving directory '/home/yzhou162/preceputal-smi/Cage-Based-Deformation-MVC/src/cmake/CMakeFiles/CMakeTmp'
Makefile:121: recipe for target 'cmTC_222e3/fast' failed
make: *** [cmTC_222e3/fast] Error 2



